<?xml version="1.0" encoding="UTF-8"?>
<!-- Generated by org.testng.reporters.JUnitReportReporter -->
<testsuite hostname="DESKTOP-I958Q8S" failures="0" tests="1" name="TestPackage.TestActiTimeLogout" time="9.050" errors="0" timestamp="2022-11-18T17:30:12 IST" skipped="0">
  <testcase classname="TestPackage.TestActiTimeLogout" name="logout" time="9.050"/>
  <system-out>
    <![CDATA[the test has been starterd]]>
  </system-out>
</testsuite> <!-- TestPackage.TestActiTimeLogout -->
