<?xml version="1.0" encoding="UTF-8"?>
<!-- Generated by org.testng.reporters.JUnitReportReporter -->
<testsuite hostname="DESKTOP-I958Q8S" failures="0" tests="1" name="TestPackage.TestActiTimeInvalidLogin" time="42.341" errors="0" timestamp="2022-11-18T17:29:55 IST" skipped="0">
  <testcase classname="TestPackage.TestActiTimeInvalidLogin" name="invalidLoginToActiTime" time="42.341"/>
  <system-out>
    <![CDATA[the test has been starterd]]>
  </system-out>
</testsuite> <!-- TestPackage.TestActiTimeInvalidLogin -->
