<?xml version="1.0" encoding="UTF-8"?>
<!-- Generated by org.testng.reporters.JUnitReportReporter -->
<testsuite hostname="DESKTOP-I958Q8S" failures="0" tests="1" name="TestPackage.TestActiTimeValidLogin" time="8.802" errors="0" timestamp="2022-11-18T17:30:30 IST" skipped="0">
  <testcase classname="TestPackage.TestActiTimeValidLogin" name="testValidLogin" time="8.802"/>
  <system-out>
    <![CDATA[the test has been starterd]]>
  </system-out>
</testsuite> <!-- TestPackage.TestActiTimeValidLogin -->
